[ 5948.757160] 
5678099  5
[ 5949.102678] DIJKSTRA: ffff88003d191a20 -> ffff88003b5ad2a0 len:2 
[ 5949.102682] DIJKSTRA ENDED
[ 5949.102683] OFP_PATH


[ 5949.102685] PATH NODE 0  -  14721744407806083072
[ 5949.102686] PATH NODE 1  -  14721744407968612352
[ 5949.102687] GET LINK: src:14721744407806083072  dst:14721744407968612352 src_port:1 dst_port:1
[ 5949.102688] SEND OF FLOW RULE dp:14721744407806083072 port1: 17 port2: 1 
[ 5949.102689] SEND FINISH OF FLOW RULE dp:14721744407968612352 port1: 1 port2: 15 
[ 5949.102693] 

size of packet 80
[ 5949.102742] send rule to 
[ 5949.102743] RULE 0:  SW:14721744407806083072  from:17 to:1
[ 5949.102745] 

size of packet 80
[ 5949.102756] send rule to 
[ 5949.102758] RULE 1:  SW:14721744407968612352  from:1 to:15
[ 5949.102760] BVN  SENDING MSG 

[ 5949.102761] BVN  SENDING MSG pid:55 size: 14 

 Route created; 

[ 5949.102763] NLMSG PUT 
[ 5949.102763] NLMSG PUTTED
[ 5949.199824] DIJKSTRA: ffff88003b5adf40 -> ffff88003b5adf20 len:2 
[ 5949.199828] DIJKSTRA ENDED
[ 5949.199829] OFP_PATH


[ 5949.199831] PATH NODE 0  -  14721744407968612352
[ 5949.199832] PATH NODE 1  -  14721744407806083072
[ 5949.199833] GET LINK: src:14721744407968612352  dst:14721744407806083072 src_port:1 dst_port:1
[ 5949.199834] SEND OF FLOW RULE dp:14721744407968612352 port1: 15 port2: 1 
[ 5949.199835] SEND FINISH OF FLOW RULE dp:14721744407806083072 port1: 1 port2: 17 
[ 5949.199839] 

size of packet 80
[ 5949.199902] send rule to 
[ 5949.199904] RULE 0:  SW:14721744407968612352  from:15 to:1
[ 5949.199906] 

size of packet 80
[ 5949.199947] send rule to 
[ 5949.199948] RULE 1:  SW:14721744407806083072  from:1 to:17
[ 5949.199951] BVN  SENDING MSG 

[ 5949.199952] BVN  SENDING MSG pid:55 size: 14 

 Route created; 

[ 5949.199953] NLMSG PUT 
[ 5949.199954] NLMSG PUTTED
